<?xml version="1.0" encoding="UTF-8"?>
<!-- Generated by org.testng.reporters.JUnitReportReporter -->
<testsuite skipped="0" hostname="BHUPPI-PC" name="com.crm.qa.testcases.HomePageTest" tests="3" failures="0" timestamp="13 Oct 2018 08:15:08 GMT" time="68.163" errors="0">
  <testcase name="homePageTitleTest" time="29.194" classname="com.crm.qa.testcases.HomePageTest"/>
  <testcase name="verifyUserNameTest" time="18.489" classname="com.crm.qa.testcases.HomePageTest"/>
  <testcase name="verifyContactsLink" time="20.480" classname="com.crm.qa.testcases.HomePageTest"/>
</testsuite> <!-- com.crm.qa.testcases.HomePageTest -->
